#
# A fatal error has been detected by the Java Runtime Environment:
#
#  Internal Error (0xc0000024), pid=18704, tid=0x0000000000004940
#
# JRE version: OpenJDK Runtime Environment (8.0_152-b01) (build 1.8.0_152-release-1248-b01)
# Java VM: OpenJDK 64-Bit Server VM (25.152-b01 mixed mode windows-amd64 compressed oops)
# Problematic frame:
# C  [ntdll.dll+0xc8a08]
#
# Failed to write core dump. Minidumps are not enabled by default on client versions of Windows
#
# If you would like to submit a bug report, please visit:
#   http://bugreport.java.com/bugreport/crash.jsp
#

---------------  T H R E A D  ---------------

Current thread (0x000000005896f800):  JavaThread "RMI TCP Connection(2)-127.0.0.1" daemon [_thread_in_vm, id=18752, stack(0x0000000059dc0000,0x0000000059ec0000)]

siginfo: ExceptionCode=0xc0000024

Registers:
RAX=0x00000000c0000024, RBX=0x00000000c0000024, RCX=0x0000000059eb7da0, RDX=0x0000000000000000
RSP=0x0000000059eb7ce0, RBP=0x0000000000800000, RSI=0x0000000000350000, RDI=0x00000000fffffffb
R8 =0x0000000059eb8278, R9 =0x0000000000800000, R10=0x0000000000000000, R11=0x0000000000000246
R12=0x000000005a803108, R13=0x000000005a80310a, R14=0x000000005a80310b, R15=0x000000000001fff0
RIP=0x0000000076f98a08, EFLAGS=0x0000000000000202

Top of Stack: (sp=0x0000000059eb7ce0)
0x0000000059eb7ce0:   0000000059eb7d00 0000000059eb7da0
0x0000000059eb7cf0:   5d874f2900000001 9f352a1c00000000
0x0000000059eb7d00:   00000001c0000024 0000000000000000
0x0000000059eb7d10:   0000000076f98a08 52d6a97000000000
0x0000000059eb7d20:   552ad890b2823ae0 66256e0d53d116a5
0x0000000059eb7d30:   5a761fb836baa5c9 2869f75504ea6590
0x0000000059eb7d40:   16a6590994cb20b7 89710b0ebc1b53d3
0x0000000059eb7d50:   9532c82c381efc82 12160cbd862b2127
0x0000000059eb7d60:   ad1b5d64d7e81b1d f674d7469aea29eb
0x0000000059eb7d70:   2cf63cc0cf66cc24 d745dbca36eba06c
0x0000000059eb7d80:   b7ecfdbf43dbf4dd c3dbaa41073d8070
0x0000000059eb7d90:   ecdbe017b217077e 817f656fee8eb845
0x0000000059eb7da0:   a8fb825ec63fba3e 1bfb34f0cbd9fb8d
0x0000000059eb7db0:   b309b0f7815ecebc d85d157b1a70dfd8
0x0000000059eb7dc0:   94930db076f4e6a4 7e8ebbf991ea34d3
0x0000000059eb7dd0:   00001fa00010000f 0053002b002b0033 

Instructions: (pc=0x0000000076f98a08)
0x0000000076f989e8:   cc cc cc cc cc cc cc cc 40 53 48 81 ec 90 05 00
0x0000000076f989f8:   00 8b d9 48 8d 8c 24 c0 00 00 00 e8 d8 2c fa ff
0x0000000076f98a08:   48 8b 84 24 b8 01 00 00 33 d2 48 89 54 24 28 89
0x0000000076f98a18:   54 24 38 89 5c 24 20 48 89 44 24 30 c7 44 24 24 


Register to memory mapping:

RAX=0x00000000c0000024 is an unallocated location in the heap
RBX=0x00000000c0000024 is an unallocated location in the heap
RCX=0x0000000059eb7da0 is pointing into the stack for thread: 0x000000005896f800
RDX=0x0000000000000000 is an unknown value
RSP=0x0000000059eb7ce0 is pointing into the stack for thread: 0x000000005896f800
RBP=0x0000000000800000 is an unknown value
RSI=0x0000000000350000 is an unknown value
RDI=0x00000000fffffffb is an unallocated location in the heap
R8 =0x0000000059eb8278 is pointing into the stack for thread: 0x000000005896f800
R9 =0x0000000000800000 is an unknown value
R10=0x0000000000000000 is an unknown value
R11=0x0000000000000246 is an unknown value
R12=0x000000005a803108 is an unknown value
R13=0x000000005a80310a is an unknown value
R14=0x000000005a80310b is an unknown value
R15=0x000000000001fff0 is an unknown value


Stack: [0x0000000059dc0000,0x0000000059ec0000],  sp=0x0000000059eb7ce0,  free space=991k
Native frames: (J=compiled Java code, j=interpreted, Vv=VM code, C=native code)
C  [ntdll.dll+0xc8a08]
C  [ntdll.dll+0x7fb9e]
C  [ntdll.dll+0xd423c]
C  [ntdll.dll+0x279fc]
C  [ntdll.dll+0x285f5]
C  [ntdll.dll+0x27f47]
C  [ntdll.dll+0x27974]
C  [msvcr100.dll+0x68d17]
V  [jvm.dll+0x1f6d5e]
V  [jvm.dll+0x24fb56]
V  [jvm.dll+0x24fd3e]
V  [jvm.dll+0x53275]
V  [jvm.dll+0x547e4]
V  [jvm.dll+0x30531]
V  [jvm.dll+0x30899]
V  [jvm.dll+0x38c40]
V  [jvm.dll+0x58014]
V  [jvm.dll+0x16c841]
V  [jvm.dll+0x16cbdb]
C  [java.dll+0x1ead]
C  0x00000000029688e5

Java frames: (J=compiled Java code, j=interpreted, Vv=VM code)
J 767  java.lang.ClassLoader.defineClass1(Ljava/lang/String;[BIILjava/security/ProtectionDomain;Ljava/lang/String;)Ljava/lang/Class; (0 bytes) @ 0x000000000296885f [0x00000000029687c0+0x9f]
J 730 C1 java.lang.ClassLoader.defineClass(Ljava/lang/String;[BIILjava/security/ProtectionDomain;)Ljava/lang/Class; (43 bytes) @ 0x0000000002952c0c [0x0000000002952640+0x5cc]
J 588 C1 java.net.URLClassLoader.defineClass(Ljava/lang/String;Lsun/misc/Resource;)Ljava/lang/Class; (142 bytes) @ 0x00000000028ff894 [0x00000000028fddc0+0x1ad4]
J 241 C1 java.net.URLClassLoader$1.run()Ljava/lang/Class; (63 bytes) @ 0x0000000002845fec [0x0000000002845d20+0x2cc]
J 240 C1 java.net.URLClassLoader$1.run()Ljava/lang/Object; (5 bytes) @ 0x000000000283e00c [0x000000000283df80+0x8c]
v  ~StubRoutines::call_stub
J 164  java.security.AccessController.doPrivileged(Ljava/security/PrivilegedExceptionAction;Ljava/security/AccessControlContext;)Ljava/lang/Object; (0 bytes) @ 0x0000000002817a66 [0x0000000002817a00+0x66]
J 200 C1 java.net.URLClassLoader.findClass(Ljava/lang/String;)Ljava/lang/Class; (47 bytes) @ 0x000000000282cd44 [0x000000000282cbc0+0x184]
J 143 C1 java.lang.ClassLoader.loadClass(Ljava/lang/String;Z)Ljava/lang/Class; (122 bytes) @ 0x0000000002809fcc [0x0000000002809680+0x94c]
J 239 C1 sun.misc.Launcher$AppClassLoader.loadClass(Ljava/lang/String;Z)Ljava/lang/Class; (85 bytes) @ 0x000000000284534c [0x00000000028449c0+0x98c]
J 366 C1 java.lang.ClassLoader.loadClass(Ljava/lang/String;)Ljava/lang/Class; (7 bytes) @ 0x0000000002886e84 [0x0000000002886d80+0x104]
v  ~StubRoutines::call_stub
j  org.jetbrains.kotlin.cli.jvm.K2JVMCompiler.createCoreEnvironment(Lorg/jetbrains/kotlin/com/intellij/openapi/Disposable;Lorg/jetbrains/kotlin/config/CompilerConfiguration;Lorg/jetbrains/kotlin/cli/common/messages/MessageCollector;)Lorg/jetbrains/kotlin/cli/jvm/compiler/KotlinCoreEnvironment;+11
j  org.jetbrains.kotlin.cli.jvm.K2JVMCompiler.doExecute(Lorg/jetbrains/kotlin/cli/common/arguments/K2JVMCompilerArguments;Lorg/jetbrains/kotlin/config/CompilerConfiguration;Lorg/jetbrains/kotlin/com/intellij/openapi/Disposable;Lorg/jetbrains/kotlin/utils/KotlinPaths;)Lorg/jetbrains/kotlin/cli/common/ExitCode;+675
j  org.jetbrains.kotlin.cli.jvm.K2JVMCompiler.doExecute(Lorg/jetbrains/kotlin/cli/common/arguments/CommonCompilerArguments;Lorg/jetbrains/kotlin/config/CompilerConfiguration;Lorg/jetbrains/kotlin/com/intellij/openapi/Disposable;Lorg/jetbrains/kotlin/utils/KotlinPaths;)Lorg/jetbrains/kotlin/cli/common/ExitCode;+9
j  org.jetbrains.kotlin.cli.common.CLICompiler.execImpl(Lorg/jetbrains/kotlin/cli/common/messages/MessageCollector;Lorg/jetbrains/kotlin/config/Services;Lorg/jetbrains/kotlin/cli/common/arguments/CommonCompilerArguments;)Lorg/jetbrains/kotlin/cli/common/ExitCode;+145
j  org.jetbrains.kotlin.cli.common.CLICompiler.execImpl(Lorg/jetbrains/kotlin/cli/common/messages/MessageCollector;Lorg/jetbrains/kotlin/config/Services;Lorg/jetbrains/kotlin/cli/common/arguments/CommonToolArguments;)Lorg/jetbrains/kotlin/cli/common/ExitCode;+7
j  org.jetbrains.kotlin.cli.common.CLITool.exec(Lorg/jetbrains/kotlin/cli/common/messages/MessageCollector;Lorg/jetbrains/kotlin/config/Services;Lorg/jetbrains/kotlin/cli/common/arguments/CommonToolArguments;)Lorg/jetbrains/kotlin/cli/common/ExitCode;+77
j  org.jetbrains.kotlin.incremental.IncrementalJvmCompilerRunner.runCompiler(Ljava/util/Set;Lorg/jetbrains/kotlin/cli/common/arguments/K2JVMCompilerArguments;Lorg/jetbrains/kotlin/incremental/IncrementalJvmCachesManager;Lorg/jetbrains/kotlin/config/Services;Lorg/jetbrains/kotlin/cli/common/messages/MessageCollector;)Lorg/jetbrains/kotlin/cli/common/ExitCode;+362
j  org.jetbrains.kotlin.incremental.IncrementalJvmCompilerRunner.runCompiler(Ljava/util/Set;Lorg/jetbrains/kotlin/cli/common/arguments/CommonCompilerArguments;Lorg/jetbrains/kotlin/incremental/IncrementalCachesManager;Lorg/jetbrains/kotlin/config/Services;Lorg/jetbrains/kotlin/cli/common/messages/MessageCollector;)Lorg/jetbrains/kotlin/cli/common/ExitCode;+14
j  org.jetbrains.kotlin.incremental.IncrementalCompilerRunner.compileIncrementally(Lorg/jetbrains/kotlin/cli/common/arguments/CommonCompilerArguments;Lorg/jetbrains/kotlin/incremental/IncrementalCachesManager;Ljava/util/List;Lorg/jetbrains/kotlin/incremental/IncrementalCompilerRunner$CompilationMode;Lorg/jetbrains/kotlin/cli/common/messages/MessageCollector;)Lorg/jetbrains/kotlin/cli/common/ExitCode;+452
j  org.jetbrains.kotlin.incremental.IncrementalCompilerRunner.access$compileIncrementally(Lorg/jetbrains/kotlin/incremental/IncrementalCompilerRunner;Lorg/jetbrains/kotlin/cli/common/arguments/CommonCompilerArguments;Lorg/jetbrains/kotlin/incremental/IncrementalCachesManager;Ljava/util/List;Lorg/jetbrains/kotlin/incremental/IncrementalCompilerRunner$CompilationMode;Lorg/jetbrains/kotlin/cli/common/messages/MessageCollector;)Lorg/jetbrains/kotlin/cli/common/ExitCode;+8
j  org.jetbrains.kotlin.incremental.IncrementalCompilerRunner$compile$2.invoke(Lkotlin/jvm/functions/Function0;)Lorg/jetbrains/kotlin/cli/common/ExitCode;+349
j  org.jetbrains.kotlin.incremental.IncrementalCompilerRunner.compile(Ljava/util/List;Lorg/jetbrains/kotlin/cli/common/arguments/CommonCompilerArguments;Lorg/jetbrains/kotlin/cli/common/messages/MessageCollector;Lorg/jetbrains/kotlin/incremental/ChangedFiles;)Lorg/jetbrains/kotlin/cli/common/ExitCode;+196
j  org.jetbrains.kotlin.daemon.CompileServiceImpl.execIncrementalCompiler(Lorg/jetbrains/kotlin/cli/common/arguments/K2JVMCompilerArguments;Lorg/jetbrains/kotlin/daemon/common/IncrementalCompilationOptions;Lorg/jetbrains/kotlin/daemon/common/IncrementalCompilerServicesFacade;Lorg/jetbrains/kotlin/daemon/common/CompilationResults;Lorg/jetbrains/kotlin/cli/common/messages/MessageCollector;Lorg/jetbrains/kotlin/daemon/report/DaemonMessageReporter;)Lorg/jetbrains/kotlin/cli/common/ExitCode;+1244
j  org.jetbrains.kotlin.daemon.CompileServiceImpl.access$execIncrementalCompiler(Lorg/jetbrains/kotlin/daemon/CompileServiceImpl;Lorg/jetbrains/kotlin/cli/common/arguments/K2JVMCompilerArguments;Lorg/jetbrains/kotlin/daemon/common/IncrementalCompilationOptions;Lorg/jetbrains/kotlin/daemon/common/IncrementalCompilerServicesFacade;Lorg/jetbrains/kotlin/daemon/common/CompilationResults;Lorg/jetbrains/kotlin/cli/common/messages/MessageCollector;Lorg/jetbrains/kotlin/daemon/report/DaemonMessageReporter;)Lorg/jetbrains/kotlin/cli/common/ExitCode;+10
j  org.jetbrains.kotlin.daemon.CompileServiceImpl$compile$$inlined$ifAlive$lambda$2.invoke(Lorg/jetbrains/kotlin/daemon/EventManager;Lorg/jetbrains/kotlin/daemon/common/Profiler;)Lorg/jetbrains/kotlin/cli/common/ExitCode;+50
j  org.jetbrains.kotlin.daemon.CompileServiceImpl$compile$$inlined$ifAlive$lambda$2.invoke(Ljava/lang/Object;Ljava/lang/Object;)Ljava/lang/Object;+9
j  org.jetbrains.kotlin.daemon.CompileServiceImpl$doCompile$$inlined$ifAlive$lambda$2.invoke()I+12
j  org.jetbrains.kotlin.daemon.CompileServiceImpl$doCompile$$inlined$ifAlive$lambda$2.invoke()Ljava/lang/Object;+1
j  org.jetbrains.kotlin.daemon.common.DummyProfiler.withMeasure(Ljava/lang/Object;Lkotlin/jvm/functions/Function0;)Ljava/lang/Object;+7
j  org.jetbrains.kotlin.daemon.CompileServiceImpl.checkedCompile(Lorg/jetbrains/kotlin/daemon/report/DaemonMessageReporter;Lorg/jetbrains/kotlin/daemon/common/Profiler;Lkotlin/jvm/functions/Function0;)Ljava/lang/Object;+41
j  org.jetbrains.kotlin.daemon.CompileServiceImpl.doCompile(ILorg/jetbrains/kotlin/daemon/report/DaemonMessageReporter;Lorg/jetbrains/kotlin/daemon/common/RemoteOperationsTracer;Lkotlin/jvm/functions/Function2;)Lorg/jetbrains/kotlin/daemon/common/CompileService$CallResult;+300
j  org.jetbrains.kotlin.daemon.CompileServiceImpl.compile(I[Ljava/lang/String;Lorg/jetbrains/kotlin/daemon/common/CompilationOptions;Lorg/jetbrains/kotlin/daemon/common/CompilerServicesFacadeBase;Lorg/jetbrains/kotlin/daemon/common/CompilationResults;)Lorg/jetbrains/kotlin/daemon/common/CompileService$CallResult;+735
v  ~StubRoutines::call_stub
j  sun.reflect.NativeMethodAccessorImpl.invoke0(Ljava/lang/reflect/Method;Ljava/lang/Object;[Ljava/lang/Object;)Ljava/lang/Object;+0
j  sun.reflect.NativeMethodAccessorImpl.invoke(Ljava/lang/Object;[Ljava/lang/Object;)Ljava/lang/Object;+100
j  sun.reflect.DelegatingMethodAccessorImpl.invoke(Ljava/lang/Object;[Ljava/lang/Object;)Ljava/lang/Object;+6
j  java.lang.reflect.Method.invoke(Ljava/lang/Object;[Ljava/lang/Object;)Ljava/lang/Object;+56
j  sun.rmi.server.UnicastServerRef.dispatch(Ljava/rmi/Remote;Ljava/rmi/server/RemoteCall;)V+209
j  sun.rmi.transport.Transport$1.run()Ljava/lang/Void;+23
j  sun.rmi.transport.Transport$1.run()Ljava/lang/Object;+1
v  ~StubRoutines::call_stub
J 164  java.security.AccessController.doPrivileged(Ljava/security/PrivilegedExceptionAction;Ljava/security/AccessControlContext;)Ljava/lang/Object; (0 bytes) @ 0x0000000002817a66 [0x0000000002817a00+0x66]
j  sun.rmi.transport.Transport.serviceCall(Ljava/rmi/server/RemoteCall;)Z+157
j  sun.rmi.transport.tcp.TCPTransport.handleMessages(Lsun/rmi/transport/Connection;Z)V+185
j  sun.rmi.transport.tcp.TCPTransport$ConnectionHandler.run0()V+680
j  sun.rmi.transport.tcp.TCPTransport$ConnectionHandler.lambda$run$0()Ljava/lang/Void;+1
j  sun.rmi.transport.tcp.TCPTransport$ConnectionHandler$$Lambda$5.run()Ljava/lang/Object;+4
v  ~StubRoutines::call_stub
j  java.security.AccessController.doPrivileged(Ljava/security/PrivilegedAction;Ljava/security/AccessControlContext;)Ljava/lang/Object;+0
j  sun.rmi.transport.tcp.TCPTransport$ConnectionHandler.run()V+58
j  java.util.concurrent.ThreadPoolExecutor.runWorker(Ljava/util/concurrent/ThreadPoolExecutor$Worker;)V+95
j  java.util.concurrent.ThreadPoolExecutor$Worker.run()V+5
j  java.lang.Thread.run()V+11
v  ~StubRoutines::call_stub

---------------  P R O C E S S  ---------------

Java Threads: ( => current thread )
  0x00000000588b9800 JavaThread "RMI RenewClean-[127.0.0.1:59418,org.jetbrains.kotlin.daemon.common.LoopbackNetworkInterface$ClientLoopbackSocketFactory@4bf06e61]" daemon [_thread_blocked, id=19584, stack(0x0000000059f70000,0x000000005a070000)]
=>0x000000005896f800 JavaThread "RMI TCP Connection(2)-127.0.0.1" daemon [_thread_in_vm, id=18752, stack(0x0000000059dc0000,0x0000000059ec0000)]
  0x000000005896c000 JavaThread "RMI Scheduler(0)" daemon [_thread_blocked, id=19180, stack(0x0000000059bb0000,0x0000000059cb0000)]
  0x0000000058a41000 JavaThread "RMI TCP Connection(1)-127.0.0.1" daemon [_thread_in_native, id=14184, stack(0x0000000059a70000,0x0000000059b70000)]
  0x0000000002369000 JavaThread "DestroyJavaVM" [_thread_blocked, id=19172, stack(0x00000000025b0000,0x00000000026b0000)]
  0x00000000588a4800 JavaThread "GC Daemon" daemon [_thread_blocked, id=19488, stack(0x00000000598c0000,0x00000000599c0000)]
  0x000000005889c000 JavaThread "RMI Reaper" [_thread_blocked, id=18220, stack(0x0000000059450000,0x0000000059550000)]
  0x000000005881d000 JavaThread "Timer-0" daemon [_thread_blocked, id=19480, stack(0x0000000059190000,0x0000000059290000)]
  0x000000005881c000 JavaThread "RMI TCP Accept-17796" daemon [_thread_in_native, id=19564, stack(0x0000000058e50000,0x0000000058f50000)]
  0x0000000057695800 JavaThread "Service Thread" daemon [_thread_blocked, id=18816, stack(0x0000000058340000,0x0000000058440000)]
  0x0000000057671800 JavaThread "C1 CompilerThread2" daemon [_thread_in_vm, id=19500, stack(0x0000000058210000,0x0000000058310000)]
  0x0000000057670000 JavaThread "C2 CompilerThread1" daemon [_thread_blocked, id=17516, stack(0x0000000057fb0000,0x00000000580b0000)]
  0x000000005760a800 JavaThread "C2 CompilerThread0" daemon [_thread_blocked, id=19492, stack(0x0000000057e80000,0x0000000057f80000)]
  0x00000000562e0000 JavaThread "Attach Listener" daemon [_thread_blocked, id=18676, stack(0x0000000057cd0000,0x0000000057dd0000)]
  0x00000000562ef000 JavaThread "Signal Dispatcher" daemon [_thread_blocked, id=19468, stack(0x0000000057ae0000,0x0000000057be0000)]
  0x00000000562ca000 JavaThread "Finalizer" daemon [_thread_blocked, id=18960, stack(0x00000000571f0000,0x00000000572f0000)]
  0x0000000056282800 JavaThread "Reference Handler" daemon [_thread_blocked, id=18120, stack(0x0000000057500000,0x0000000057600000)]

Other Threads:
  0x000000005627a800 VMThread [stack: 0x0000000057300000,0x0000000057400000] [id=19104]
  0x0000000057697800 WatcherThread [stack: 0x0000000058530000,0x0000000058630000] [id=18732]

VM state:not at safepoint (normal execution)

VM Mutex/Monitor currently owned by a thread:  ([mutex/lock_event])
[0x000000000035d930] CodeCache_lock - owner thread: 0x0000000057671800
[0x000000000035e0e0] SymbolTable_lock - owner thread: 0x000000005896f800
[0x000000000035efe0] Compile_lock - owner thread: 0x0000000057671800
[0x000000000035f0e0] MethodCompileQueue_lock - owner thread: 0x0000000057671800

Heap:
 PSYoungGen      total 38400K, used 25670K [0x00000000e0000000, 0x00000000e2a80000, 0x0000000100000000)
  eden space 33280K, 61% used [0x00000000e0000000,0x00000000e14152e8,0x00000000e2080000)
  from space 5120K, 99% used [0x00000000e2580000,0x00000000e2a7c7c0,0x00000000e2a80000)
  to   space 5120K, 0% used [0x00000000e2080000,0x00000000e2080000,0x00000000e2580000)
 ParOldGen       total 87552K, used 5473K [0x00000000a0000000, 0x00000000a5580000, 0x00000000e0000000)
  object space 87552K, 6% used [0x00000000a0000000,0x00000000a05585f8,0x00000000a5580000)
 Metaspace       used 18505K, capacity 18886K, committed 19200K, reserved 1067008K
  class space    used 2164K, capacity 2267K, committed 2304K, reserved 1048576K

Card table byte_map: [0x0000000011a70000,0x0000000011d80000] byte_map_base: 0x0000000011570000

Marking Bits: (ParMarkBitMap*) 0x0000000061c05aa0
 Begin Bits: [0x00000000125f0000, 0x0000000013df0000)
 End Bits:   [0x0000000013df0000, 0x00000000155f0000)

Polling page: 0x00000000001c0000

CodeCache: size=245760Kb used=4834Kb max_used=4834Kb free=240925Kb
 bounds [0x00000000026b0000, 0x0000000002b70000, 0x00000000116b0000]
 total_blobs=1963 nmethods=1525 adapters=351
 compilation: enabled

Compilation events (10 events):
Event: 6.226 Thread 0x0000000057671800 nmethod 1520 0x0000000002b5e510 code [0x0000000002b5e680, 0x0000000002b5e928]
Event: 6.226 Thread 0x0000000057671800 1521       3       com.sun.org.apache.xerces.internal.impl.XMLDocumentFragmentScannerImpl::setScannerState (6 bytes)
Event: 6.226 Thread 0x0000000057671800 nmethod 1521 0x0000000002b5e210 code [0x0000000002b5e360, 0x0000000002b5e4b0]
Event: 6.226 Thread 0x0000000057671800 1522       3       com.sun.org.apache.xerces.internal.util.XMLChar::isNameStart (22 bytes)
Event: 6.226 Thread 0x0000000057671800 nmethod 1522 0x0000000002b5ddd0 code [0x0000000002b5df40, 0x0000000002b5e130]
Event: 6.226 Thread 0x0000000057671800 1523       3       com.sun.org.apache.xerces.internal.utils.XMLLimitAnalyzer::getTotalValue (7 bytes)
Event: 6.226 Thread 0x0000000057671800 nmethod 1523 0x0000000002b5da10 code [0x0000000002b5db60, 0x0000000002b5dcd0]
Event: 6.227 Thread 0x0000000057671800 1524       3       com.sun.org.apache.xerces.internal.impl.XMLDocumentScannerImpl::next (10 bytes)
Event: 6.227 Thread 0x0000000057671800 nmethod 1524 0x0000000002b605d0 code [0x0000000002b60740, 0x0000000002b60968]
Event: 6.227 Thread 0x0000000057671800 1525   !   3       com.sun.org.apache.xerces.internal.impl.XMLDocumentFragmentScannerImpl$FragmentContentDriver::next (2346 bytes)

GC Heap History (6 events):
Event: 0.480 GC heap before
{Heap before GC invocations=1 (full 0):
 PSYoungGen      total 38400K, used 15042K [0x00000000e0000000, 0x00000000e2a80000, 0x0000000100000000)
  eden space 33280K, 45% used [0x00000000e0000000,0x00000000e0eb0908,0x00000000e2080000)
  from space 5120K, 0% used [0x00000000e2580000,0x00000000e2580000,0x00000000e2a80000)
  to   space 5120K, 0% used [0x00000000e2080000,0x00000000e2080000,0x00000000e2580000)
 ParOldGen       total 87552K, used 0K [0x00000000a0000000, 0x00000000a5580000, 0x00000000e0000000)
  object space 87552K, 0% used [0x00000000a0000000,0x00000000a0000000,0x00000000a5580000)
 Metaspace       used 9064K, capacity 9254K, committed 9472K, reserved 1058816K
  class space    used 961K, capacity 1023K, committed 1024K, reserved 1048576K
Event: 0.483 GC heap after
Heap after GC invocations=1 (full 0):
 PSYoungGen      total 38400K, used 3186K [0x00000000e0000000, 0x00000000e2a80000, 0x0000000100000000)
  eden space 33280K, 0% used [0x00000000e0000000,0x00000000e0000000,0x00000000e2080000)
  from space 5120K, 62% used [0x00000000e2080000,0x00000000e239c820,0x00000000e2580000)
  to   space 5120K, 0% used [0x00000000e2580000,0x00000000e2580000,0x00000000e2a80000)
 ParOldGen       total 87552K, used 8K [0x00000000a0000000, 0x00000000a5580000, 0x00000000e0000000)
  object space 87552K, 0% used [0x00000000a0000000,0x00000000a0002000,0x00000000a5580000)
 Metaspace       used 9064K, capacity 9254K, committed 9472K, reserved 1058816K
  class space    used 961K, capacity 1023K, committed 1024K, reserved 1048576K
}
Event: 0.483 GC heap before
{Heap before GC invocations=2 (full 1):
 PSYoungGen      total 38400K, used 3186K [0x00000000e0000000, 0x00000000e2a80000, 0x0000000100000000)
  eden space 33280K, 0% used [0x00000000e0000000,0x00000000e0000000,0x00000000e2080000)
  from space 5120K, 62% used [0x00000000e2080000,0x00000000e239c820,0x00000000e2580000)
  to   space 5120K, 0% used [0x00000000e2580000,0x00000000e2580000,0x00000000e2a80000)
 ParOldGen       total 87552K, used 8K [0x00000000a0000000, 0x00000000a5580000, 0x00000000e0000000)
  object space 87552K, 0% used [0x00000000a0000000,0x00000000a0002000,0x00000000a5580000)
 Metaspace       used 9064K, capacity 9254K, committed 9472K, reserved 1058816K
  class space    used 961K, capacity 1023K, committed 1024K, reserved 1048576K
Event: 0.495 GC heap after
Heap after GC invocations=2 (full 1):
 PSYoungGen      total 38400K, used 0K [0x00000000e0000000, 0x00000000e2a80000, 0x0000000100000000)
  eden space 33280K, 0% used [0x00000000e0000000,0x00000000e0000000,0x00000000e2080000)
  from space 5120K, 0% used [0x00000000e2080000,0x00000000e2080000,0x00000000e2580000)
  to   space 5120K, 0% used [0x00000000e2580000,0x00000000e2580000,0x00000000e2a80000)
 ParOldGen       total 87552K, used 3022K [0x00000000a0000000, 0x00000000a5580000, 0x00000000e0000000)
  object space 87552K, 3% used [0x00000000a0000000,0x00000000a02f38f8,0x00000000a5580000)
 Metaspace       used 9064K, capacity 9254K, committed 9472K, reserved 1058816K
  class space    used 961K, capacity 1023K, committed 1024K, reserved 1048576K
}
Event: 5.451 GC heap before
{Heap before GC invocations=3 (full 1):
 PSYoungGen      total 38400K, used 33280K [0x00000000e0000000, 0x00000000e2a80000, 0x0000000100000000)
  eden space 33280K, 100% used [0x00000000e0000000,0x00000000e2080000,0x00000000e2080000)
  from space 5120K, 0% used [0x00000000e2080000,0x00000000e2080000,0x00000000e2580000)
  to   space 5120K, 0% used [0x00000000e2580000,0x00000000e2580000,0x00000000e2a80000)
 ParOldGen       total 87552K, used 3022K [0x00000000a0000000, 0x00000000a5580000, 0x00000000e0000000)
  object space 87552K, 3% used [0x00000000a0000000,0x00000000a02f38f8,0x00000000a5580000)
 Metaspace       used 14237K, capacity 14530K, committed 14848K, reserved 1062912K
  class space    used 1634K, capacity 1729K, committed 1792K, reserved 1048576K
Event: 5.459 GC heap after
Heap after GC invocations=3 (full 1):
 PSYoungGen      total 38400K, used 5105K [0x00000000e0000000, 0x00000000e2a80000, 0x0000000100000000)
  eden space 33280K, 0% used [0x00000000e0000000,0x00000000e0000000,0x00000000e2080000)
  from space 5120K, 99% used [0x00000000e2580000,0x00000000e2a7c7c0,0x00000000e2a80000)
  to   space 5120K, 0% used [0x00000000e2080000,0x00000000e2080000,0x00000000e2580000)
 ParOldGen       total 87552K, used 5473K [0x00000000a0000000, 0x00000000a5580000, 0x00000000e0000000)
  object space 87552K, 6% used [0x00000000a0000000,0x00000000a05585f8,0x00000000a5580000)
 Metaspace       used 14237K, capacity 14530K, committed 14848K, reserved 1062912K
  class space    used 1634K, capacity 1729K, committed 1792K, reserved 1048576K
}

Deoptimization events (10 events):
Event: 5.278 Thread 0x000000005896f800 Uncommon trap: reason=unstable_if action=reinterpret pc=0x000000000299d7c4 method=kotlin.reflect.jvm.internal.impl.protobuf.CodedInputStream.readRawVarint32()I @ 69
Event: 5.280 Thread 0x000000005896f800 Uncommon trap: reason=class_check action=maybe_recompile pc=0x0000000002991918 method=kotlin.reflect.jvm.internal.impl.protobuf.CodedInputStream.tryRefillBuffer(I)Z @ 175
Event: 5.285 Thread 0x0000000058869800 Uncommon trap: reason=unstable_if action=reinterpret pc=0x0000000002908598 method=java.security.DigestInputStream.read([BII)I @ 22
Event: 5.285 Thread 0x0000000058869800 Uncommon trap: reason=class_check action=maybe_recompile pc=0x0000000002910a44 method=sun.security.provider.DigestBase.engineUpdate([BII)V @ 128
Event: 5.542 Thread 0x0000000058869800 Uncommon trap: reason=class_check action=maybe_recompile pc=0x0000000002910a44 method=sun.security.provider.DigestBase.engineUpdate([BII)V @ 128
Event: 5.552 Thread 0x000000005896f800 Uncommon trap: reason=class_check action=maybe_recompile pc=0x0000000002ac51dc method=java.util.HashMap.putVal(ILjava/lang/Object;Ljava/lang/Object;ZZ)Ljava/lang/Object; @ 203
Event: 5.559 Thread 0x000000005896f800 Uncommon trap: reason=class_check action=maybe_recompile pc=0x0000000002ac51dc method=java.util.HashMap.putVal(ILjava/lang/Object;Ljava/lang/Object;ZZ)Ljava/lang/Object; @ 203
Event: 5.559 Thread 0x000000005896f800 Uncommon trap: reason=class_check action=maybe_recompile pc=0x0000000002ac51dc method=java.util.HashMap.putVal(ILjava/lang/Object;Ljava/lang/Object;ZZ)Ljava/lang/Object; @ 203
Event: 5.559 Thread 0x000000005896f800 Uncommon trap: reason=class_check action=maybe_recompile pc=0x0000000002ac51dc method=java.util.HashMap.putVal(ILjava/lang/Object;Ljava/lang/Object;ZZ)Ljava/lang/Object; @ 203
Event: 6.038 Thread 0x000000005896f800 Uncommon trap: reason=unstable_if action=reinterpret pc=0x000000000285e894 method=java.lang.String.replace(CC)Ljava/lang/String; @ 2

Classes redefined (0 events):
No events

Internal exceptions (10 events):
Event: 0.536 Thread 0x0000000058a41000 Exception <a 'java/lang/NoSuchMethodError': <clinit>> (0x00000000e03b2fd0) thrown at [D:\src\AOSP-openjdk-cygwin\jdk8u\hotspot\src\share\vm\prims\jni.cpp, line 1613]
Event: 0.626 Thread 0x000000005896f800 Exception <a 'java/lang/NoSuchMethodError': <clinit>> (0x00000000e0448a00) thrown at [D:\src\AOSP-openjdk-cygwin\jdk8u\hotspot\src\share\vm\prims\jni.cpp, line 1613]
Event: 0.631 Thread 0x000000005896f800 Exception <a 'java/lang/NoSuchMethodError': <clinit>> (0x00000000e045dce0) thrown at [D:\src\AOSP-openjdk-cygwin\jdk8u\hotspot\src\share\vm\prims\jni.cpp, line 1613]
Event: 0.631 Thread 0x000000005896f800 Exception <a 'java/lang/NoSuchMethodError': <clinit>> (0x00000000e045f998) thrown at [D:\src\AOSP-openjdk-cygwin\jdk8u\hotspot\src\share\vm\prims\jni.cpp, line 1613]
Event: 0.631 Thread 0x000000005896f800 Exception <a 'java/lang/NoSuchMethodError': <clinit>> (0x00000000e046a2c8) thrown at [D:\src\AOSP-openjdk-cygwin\jdk8u\hotspot\src\share\vm\prims\jni.cpp, line 1613]
Event: 0.724 Thread 0x000000005896f800 Exception <a 'java/lang/NoSuchMethodError': <clinit>> (0x00000000e04952a8) thrown at [D:\src\AOSP-openjdk-cygwin\jdk8u\hotspot\src\share\vm\prims\jni.cpp, line 1613]
Event: 1.216 Thread 0x000000005896f800 Exception <a 'java/lang/NoSuchMethodError': <clinit>> (0x00000000e06580c8) thrown at [D:\src\AOSP-openjdk-cygwin\jdk8u\hotspot\src\share\vm\prims\jni.cpp, line 1613]
Event: 1.228 Thread 0x00000000588b9800 Exception <a 'java/lang/InterruptedException'> (0x00000000e06780b0) thrown at [D:\src\AOSP-openjdk-cygwin\jdk8u\hotspot\src\share\vm\runtime\objectMonitor.cpp, line 1684]
Event: 5.316 Thread 0x000000005896f800 Exception <a 'java/lang/ArrayIndexOutOfBoundsException'> (0x00000000e1ad9f60) thrown at [D:\src\AOSP-openjdk-cygwin\jdk8u\hotspot\src\share\vm\runtime\sharedRuntime.cpp, line 605]
Event: 5.472 Thread 0x000000005896f800 Exception <a 'java/lang/ArrayIndexOutOfBoundsException'> (0x00000000e007b580) thrown at [D:\src\AOSP-openjdk-cygwin\jdk8u\hotspot\src\share\vm\runtime\sharedRuntime.cpp, line 605]

Events (10 events):
Event: 6.233 loading class org/jetbrains/kotlin/cli/jvm/config/JvmContentRootsKt
Event: 6.233 loading class org/jetbrains/kotlin/cli/jvm/config/JvmContentRootsKt done
Event: 6.234 loading class org/jetbrains/kotlin/cli/jvm/config/JavaSourceRoot
Event: 6.234 loading class org/jetbrains/kotlin/cli/jvm/config/JavaSourceRoot done
Event: 6.234 loading class org/jetbrains/kotlin/cli/jvm/config/JvmContentRoot
Event: 6.234 loading class org/jetbrains/kotlin/cli/jvm/config/JvmContentRoot done
Event: 6.235 loading class org/jetbrains/kotlin/cli/jvm/config/JvmClasspathRoot
Event: 6.235 loading class org/jetbrains/kotlin/cli/jvm/config/JvmClasspathRoot done
Event: 6.236 loading class org/jetbrains/kotlin/cli/jvm/compiler/KotlinCoreEnvironment
Event: 6.236 loading class org/jetbrains/kotlin/cli/jvm/compiler/KotlinCoreEnvironment done


Dynamic libraries:
0x000000013ffb0000 - 0x000000013ffe1000 	D:\AS3.0\jre\jre\bin\java.exe
0x0000000076ed0000 - 0x000000007706f000 	C:\Windows\SYSTEM32\ntdll.dll
0x0000000076db0000 - 0x0000000076ecf000 	C:\Windows\system32\kernel32.dll
0x000007fefcce0000 - 0x000007fefcd4a000 	C:\Windows\system32\KERNELBASE.dll
0x000007fefe7d0000 - 0x000007fefe8ab000 	C:\Windows\system32\ADVAPI32.dll
0x000007fefef40000 - 0x000007fefefdf000 	C:\Windows\system32\msvcrt.dll
0x000007fefe8b0000 - 0x000007fefe8cf000 	C:\Windows\SYSTEM32\sechost.dll
0x000007fefd1f0000 - 0x000007fefd31d000 	C:\Windows\system32\RPCRT4.dll
0x0000000076cb0000 - 0x0000000076daa000 	C:\Windows\system32\USER32.dll
0x000007fefd090000 - 0x000007fefd0f7000 	C:\Windows\system32\GDI32.dll
0x000007fefd080000 - 0x000007fefd08e000 	C:\Windows\system32\LPK.dll
0x000007fefd430000 - 0x000007fefd4fb000 	C:\Windows\system32\USP10.dll
0x000007fefb1d0000 - 0x000007fefb3c4000 	C:\Windows\WinSxS\amd64_microsoft.windows.common-controls_6595b64144ccf1df_6.0.7601.18837_none_fa3b1e3d17594757\COMCTL32.dll
0x000007fefefe0000 - 0x000007feff051000 	C:\Windows\system32\SHLWAPI.dll
0x000007fefd5a0000 - 0x000007fefd5ce000 	C:\Windows\system32\IMM32.DLL
0x000007fefd320000 - 0x000007fefd429000 	C:\Windows\system32\MSCTF.dll
0x0000000061d50000 - 0x0000000061e22000 	D:\AS3.0\jre\jre\bin\msvcr100.dll
0x0000000061440000 - 0x0000000061c81000 	D:\AS3.0\jre\jre\bin\server\jvm.dll
0x000007fef8d30000 - 0x000007fef8d39000 	C:\Windows\system32\WSOCK32.dll
0x000007fefd1a0000 - 0x000007fefd1ed000 	C:\Windows\system32\WS2_32.dll
0x000007fefd830000 - 0x000007fefd838000 	C:\Windows\system32\NSI.dll
0x000007fefa060000 - 0x000007fefa09b000 	C:\Windows\system32\WINMM.dll
0x000007fefbd30000 - 0x000007fefbd3c000 	C:\Windows\system32\VERSION.dll
0x0000000077070000 - 0x0000000077077000 	C:\Windows\system32\PSAPI.DLL
0x000007fee2fc0000 - 0x000007fee2fcf000 	D:\AS3.0\jre\jre\bin\verify.dll
0x000007fee2f50000 - 0x000007fee2f79000 	D:\AS3.0\jre\jre\bin\java.dll
0x000007fee2f20000 - 0x000007fee2f36000 	D:\AS3.0\jre\jre\bin\zip.dll
0x000007fefd840000 - 0x000007fefe5cb000 	C:\Windows\system32\SHELL32.dll
0x000007fefeba0000 - 0x000007fefeda3000 	C:\Windows\system32\ole32.dll
0x000007fefcc70000 - 0x000007fefcc7f000 	C:\Windows\system32\profapi.dll
0x000007fef29d0000 - 0x000007fef29dd000 	D:\AS3.0\jre\jre\bin\management.dll
0x000007fee2f00000 - 0x000007fee2f1a000 	D:\AS3.0\jre\jre\bin\net.dll
0x000007fefc4e0000 - 0x000007fefc535000 	C:\Windows\system32\mswsock.dll
0x000007fefc4d0000 - 0x000007fefc4d7000 	C:\Windows\System32\wship6.dll
0x000007fee2ee0000 - 0x000007fee2ef1000 	D:\AS3.0\jre\jre\bin\nio.dll
0x000007fefc560000 - 0x000007fefc577000 	C:\Windows\system32\CRYPTSP.dll
0x000007fefc180000 - 0x000007fefc1c7000 	C:\Windows\system32\rsaenh.dll
0x000007fefcf20000 - 0x000007fefcf3e000 	C:\Windows\system32\USERENV.dll
0x000007fefcb00000 - 0x000007fefcb0f000 	C:\Windows\system32\CRYPTBASE.dll
0x000007fef9c10000 - 0x000007fef9c37000 	C:\Windows\system32\IPHLPAPI.DLL
0x000007fef9c00000 - 0x000007fef9c0b000 	C:\Windows\system32\WINNSI.DLL
0x000007fef9910000 - 0x000007fef9928000 	C:\Windows\system32\dhcpcsvc.DLL
0x000007fef92a0000 - 0x000007fef92b1000 	C:\Windows\system32\dhcpcsvc6.DLL
0x000007fee9030000 - 0x000007fee9155000 	C:\Windows\system32\dbghelp.dll

VM Arguments:
jvm_args: -Djava.awt.headless=true -Djava.rmi.server.hostname=127.0.0.1 -Xmx1536m -Dkotlin.environment.keepalive 
java_command: org.jetbrains.kotlin.daemon.KotlinCompileDaemon --daemon-runFilesPath C:\Users\Administrator\AppData\Local\kotlin\daemon --daemon-autoshutdownIdleSeconds=7200 --daemon-compilerClasspath C:\Users\Administrator\.gradle\caches\modules-2\files-2.1\org.jetbrains.kotlin\kotlin-compiler-embeddable\1.3.11\a8db6c14f8b8ed74aa11b8379f961587b639c571\kotlin-compiler-embeddable-1.3.11.jar;C:\Users\Administrator\.gradle\caches\modules-2\files-2.1\org.jetbrains.kotlin\kotlin-reflect\1.3.11\aae7b33412715e9ed441934c4ffaad1bb80e9d36\kotlin-reflect-1.3.11.jar;C:\Users\Administrator\.gradle\caches\modules-2\files-2.1\org.jetbrains.kotlin\kotlin-stdlib\1.3.11\4cbc5922a54376018307a731162ccaf3ef851a39\kotlin-stdlib-1.3.11.jar;C:\Users\Administrator\.gradle\caches\modules-2\files-2.1\org.jetbrains.kotlin\kotlin-script-runtime\1.3.11\1ef3a816aeacb9cd051b3ed37e2abf88910f1503\kotlin-script-runtime-1.3.11.jar;C:\Users\Administrator\.gradle\caches\modules-2\files-2.1\org.jetbrains.kotlin\kotlin-stdlib-common\1.3.11\d8b8e746e279f1c4f5e08bc14a96b82e6bb1de02\kotlin-stdlib-common-1.3.11.jar;C:\Users\Administrator\.gradle\caches\modules-2\files-2.1\org.jetbrains\annotations\13.0\919f0dfe192fb4e063e7dacadee7f8bb9a2672a9\annotations-13.0.jar;D:\AS3.0\jre\lib\tools.jar
java_class_path (initial): C:\Users\Administrator\.gradle\caches\modules-2\files-2.1\org.jetbrains.kotlin\kotlin-compiler-embeddable\1.3.11\a8db6c14f8b8ed74aa11b8379f961587b639c571\kotlin-compiler-embeddable-1.3.11.jar;C:\Users\Administrator\.gradle\caches\modules-2\files-2.1\org.jetbrains.kotlin\kotlin-reflect\1.3.11\aae7b33412715e9ed441934c4ffaad1bb80e9d36\kotlin-reflect-1.3.11.jar;C:\Users\Administrator\.gradle\caches\modules-2\files-2.1\org.jetbrains.kotlin\kotlin-stdlib\1.3.11\4cbc5922a54376018307a731162ccaf3ef851a39\kotlin-stdlib-1.3.11.jar;C:\Users\Administrator\.gradle\caches\modules-2\files-2.1\org.jetbrains.kotlin\kotlin-script-runtime\1.3.11\1ef3a816aeacb9cd051b3ed37e2abf88910f1503\kotlin-script-runtime-1.3.11.jar;C:\Users\Administrator\.gradle\caches\modules-2\files-2.1\org.jetbrains.kotlin\kotlin-stdlib-common\1.3.11\d8b8e746e279f1c4f5e08bc14a96b82e6bb1de02\kotlin-stdlib-common-1.3.11.jar;C:\Users\Administrator\.gradle\caches\modules-2\files-2.1\org.jetbrains\annotations\13.0\919f0dfe192fb4e063e7dacadee7f8bb9a2672a9\annotations-13.0.jar;D:\AS3.0\jre\lib\tools.jar
Launcher Type: SUN_STANDARD

Environment Variables:
JAVA_HOME=D:\jdk_1.8
PATH=D:\nodejs\node_modules\npm\node_modules;D:\apache-tomcat8\bin;D:\MySql\mysql-5.7.23\bin;D:\apache-maven-3.5.4\bin;D:\nodejs;C:\Users\Administrator\.gradle\wrapper\dists\gradle-4.4-all\9br9xq1tocpiv8o6njlyu5op1\gradle-4.4\bin;D:\android-ndk-r10e\prebuilt\windows-x86_64\bin;D:\android_sdk\build-tools\27.0.3;D:\Qt\Qt5.8.0\5.8\mingw53_32\bin;D:\MinGW\bin\;D:\Python3.6.5\Scripts\;D:\Python3.6.5\;D:\android-ndk-r10e;D:\PHP;%MYSQL%;%PUB_HOSTED_URL%;%FLUTTER_STORAGE_BASE_URL%;D:\jdk_1.8\bin;D:\flutter\bin;D:\android_sdk\platform-tools;D:\android_sdk\tools;C:\Windows\system32;C:\Windows;C:\Windows\System32\Wbem;C:\Windows\System32\WindowsPowerShell\v1.0\;D:\Git\cmd;C:\Program Files\TortoiseSVN\bin;D:\Go\bin;D:\010 Editor;C:\Program Files\dotnet\;D:\nodejs\;D:\starcore;D:\Microsoft VS Code\bin;C:\ProgramData\chocolatey\bin;C:\Users\Administrator\AppData\Roaming\npm;D:\Microsoft VS Code\bin;C:\Users\Administrator\AppData\Local\Programs\Fiddler
USERNAME=Administrator
OS=Windows_NT
PROCESSOR_IDENTIFIER=Intel64 Family 6 Model 61 Stepping 4, GenuineIntel



---------------  S Y S T E M  ---------------

OS: Windows 7 , 64 bit Build 7601 (6.1.7601.24094)

CPU:total 4 (initial active 4) (2 cores per cpu, 2 threads per core) family 6 model 61 stepping 4, cmov, cx8, fxsr, mmx, sse, sse2, sse3, ssse3, sse4.1, sse4.2, popcnt, avx, avx2, aes, clmul, erms, 3dnowpref, lzcnt, ht, tsc, tscinvbit, bmi1, bmi2, adx

Memory: 4k page, physical 8300396k(420524k free), swap 16598916k(6894804k free)

vm_info: OpenJDK 64-Bit Server VM (25.152-b01) for windows-amd64 JRE (1.8.0_152-release-1248-b01), built by "builder" with MS VC++ 10.0 (VS2010)

time: Tue Apr 30 17:53:02 2019
elapsed time: 6 seconds (0d 0h 0m 6s)

